<?xml version="1.0" encoding="UTF-8"?>
<coverage generated="1471432135">
  <project timestamp="1471432135">
    <package name="Sokil\Vast">
      <file name="/Applications/MAMP/htdocs/git/php-vast/src/Sokil/Vast/Ad.php">
        <class name="Ad" namespace="Sokil\Vast">
          <metrics methods="4" coveredmethods="2" conditionals="0" coveredconditionals="0" statements="12" coveredstatements="9" elements="16" coveredelements="11"/>
        </class>
        <line num="17" type="method" name="__construct" crap="1" count="2"/>
        <line num="19" type="stmt" count="2"/>
        <line num="20" type="stmt" count="2"/>
        <line num="22" type="method" name="getId" crap="2" count="0"/>
        <line num="24" type="stmt" count="0"/>
        <line num="33" type="method" name="setId" crap="1" count="2"/>
        <line num="35" type="stmt" count="2"/>
        <line num="36" type="stmt" count="2"/>
        <line num="46" type="method" name="setAdSystem" crap="2.09" count="2"/>
        <line num="48" type="stmt" count="2"/>
        <line num="49" type="stmt" count="2"/>
        <line num="50" type="stmt" count="0"/>
        <line num="51" type="stmt" count="0"/>
        <line num="53" type="stmt" count="2"/>
        <line num="54" type="stmt" count="2"/>
        <line num="57" type="stmt" count="2"/>
        <metrics loc="58" ncloc="38" classes="1" methods="4" coveredmethods="2" conditionals="0" coveredconditionals="0" statements="12" coveredstatements="9" elements="16" coveredelements="11"/>
      </file>
      <file name="/Applications/MAMP/htdocs/git/php-vast/src/Sokil/Vast/Document.php">
        <class name="Document" namespace="Sokil\Vast">
          <metrics methods="11" coveredmethods="5" conditionals="0" coveredconditionals="0" statements="49" coveredstatements="21" elements="60" coveredelements="26"/>
        </class>
        <line num="15" type="method" name="create" crap="1" count="2"/>
        <line num="17" type="stmt" count="2"/>
        <line num="20" type="stmt" count="2"/>
        <line num="21" type="stmt" count="2"/>
        <line num="24" type="stmt" count="2"/>
        <line num="25" type="stmt" count="2"/>
        <line num="26" type="stmt" count="2"/>
        <line num="29" type="stmt" count="2"/>
        <line num="32" type="method" name="fromFile" crap="2" count="0"/>
        <line num="34" type="stmt" count="0"/>
        <line num="35" type="stmt" count="0"/>
        <line num="37" type="stmt" count="0"/>
        <line num="40" type="method" name="fromString" crap="2" count="0"/>
        <line num="42" type="stmt" count="0"/>
        <line num="43" type="stmt" count="0"/>
        <line num="45" type="stmt" count="0"/>
        <line num="48" type="method" name="__construct" crap="1" count="2"/>
        <line num="50" type="stmt" count="2"/>
        <line num="51" type="stmt" count="2"/>
        <line num="53" type="method" name="toString" crap="1" count="2"/>
        <line num="55" type="stmt" count="2"/>
        <line num="58" type="method" name="__toString" crap="2" count="0"/>
        <line num="60" type="stmt" count="0"/>
        <line num="63" type="method" name="toDomDocument" crap="2" count="0"/>
        <line num="65" type="stmt" count="0"/>
        <line num="72" type="method" name="createAdSection" crap="2.00" count="2"/>
        <line num="75" type="stmt" count="2"/>
        <line num="76" type="stmt" count="2"/>
        <line num="77" type="stmt" count="0"/>
        <line num="81" type="stmt" count="2"/>
        <line num="82" type="stmt" count="2"/>
        <line num="85" type="stmt" count="2"/>
        <line num="86" type="stmt" count="2"/>
        <line num="89" type="stmt" count="2"/>
        <line num="92" type="stmt" count="2"/>
        <line num="94" type="stmt" count="2"/>
        <line num="101" type="method" name="createInLineAdSection" crap="1" count="1"/>
        <line num="103" type="stmt" count="1"/>
        <line num="110" type="method" name="createWrapperAdSection" crap="1" count="1"/>
        <line num="112" type="stmt" count="1"/>
        <line num="115" type="method" name="getAdSections" crap="72" count="0"/>
        <line num="117" type="stmt" count="0"/>
        <line num="119" type="stmt" count="0"/>
        <line num="122" type="stmt" count="0"/>
        <line num="123" type="stmt" count="0"/>
        <line num="126" type="stmt" count="0"/>
        <line num="127" type="stmt" count="0"/>
        <line num="131" type="stmt" count="0"/>
        <line num="132" type="stmt" count="0"/>
        <line num="133" type="stmt" count="0"/>
        <line num="136" type="stmt" count="0"/>
        <line num="139" type="stmt" count="0"/>
        <line num="140" type="stmt" count="0"/>
        <line num="141" type="stmt" count="0"/>
        <line num="144" type="stmt" count="0"/>
        <line num="145" type="stmt" count="0"/>
        <line num="146" type="stmt" count="0"/>
        <line num="147" type="stmt" count="0"/>
        <line num="148" type="stmt" count="0"/>
        <line num="151" type="stmt" count="0"/>
        <metrics loc="152" ncloc="114" classes="1" methods="11" coveredmethods="5" conditionals="0" coveredconditionals="0" statements="49" coveredstatements="21" elements="60" coveredelements="26"/>
      </file>
    </package>
    <package name="Sokil\Vast\Ad">
      <file name="/Applications/MAMP/htdocs/git/php-vast/src/Sokil/Vast/Ad/InLine.php">
        <class name="InLine" namespace="Sokil\Vast\Ad">
          <metrics methods="5" coveredmethods="1" conditionals="0" coveredconditionals="0" statements="53" coveredstatements="36" elements="58" coveredelements="37"/>
        </class>
        <line num="29" type="method" name="setAdTitle" crap="3.01" count="1"/>
        <line num="31" type="stmt" count="1"/>
        <line num="34" type="stmt" count="1"/>
        <line num="35" type="stmt" count="1"/>
        <line num="36" type="stmt" count="1"/>
        <line num="37" type="stmt" count="1"/>
        <line num="38" type="stmt" count="1"/>
        <line num="41" type="stmt" count="1"/>
        <line num="42" type="stmt" count="1"/>
        <line num="43" type="stmt" count="1"/>
        <line num="47" type="stmt" count="0"/>
        <line num="50" type="stmt" count="1"/>
        <line num="58" type="method" name="setImpression" crap="3.05" count="1"/>
        <line num="60" type="stmt" count="1"/>
        <line num="63" type="stmt" count="1"/>
        <line num="64" type="stmt" count="1"/>
        <line num="65" type="stmt" count="1"/>
        <line num="66" type="stmt" count="1"/>
        <line num="67" type="stmt" count="1"/>
        <line num="70" type="stmt" count="1"/>
        <line num="71" type="stmt" count="0"/>
        <line num="72" type="stmt" count="0"/>
        <line num="76" type="stmt" count="1"/>
        <line num="79" type="stmt" count="1"/>
        <line num="86" type="method" name="_createCreative" crap="4.00" count="1"/>
        <line num="89" type="stmt" count="1"/>
        <line num="90" type="stmt" count="1"/>
        <line num="91" type="stmt" count="0"/>
        <line num="95" type="stmt" count="1"/>
        <line num="97" type="stmt" count="1"/>
        <line num="98" type="stmt" count="1"/>
        <line num="99" type="stmt" count="1"/>
        <line num="100" type="stmt" count="1"/>
        <line num="101" type="stmt" count="1"/>
        <line num="102" type="stmt" count="1"/>
        <line num="105" type="stmt" count="1"/>
        <line num="106" type="stmt" count="1"/>
        <line num="109" type="stmt" count="1"/>
        <line num="110" type="stmt" count="1"/>
        <line num="113" type="stmt" count="1"/>
        <line num="114" type="stmt" count="1"/>
        <line num="116" type="stmt" count="1"/>
        <line num="123" type="method" name="createLinearCreative" crap="1" count="1"/>
        <line num="125" type="stmt" count="1"/>
        <line num="128" type="method" name="addExtension" crap="12" count="0"/>
        <line num="131" type="stmt" count="0"/>
        <line num="133" type="stmt" count="0"/>
        <line num="134" type="stmt" count="0"/>
        <line num="135" type="stmt" count="0"/>
        <line num="136" type="stmt" count="0"/>
        <line num="137" type="stmt" count="0"/>
        <line num="138" type="stmt" count="0"/>
        <line num="141" type="stmt" count="0"/>
        <line num="142" type="stmt" count="0"/>
        <line num="145" type="stmt" count="0"/>
        <line num="148" type="stmt" count="0"/>
        <line num="149" type="stmt" count="0"/>
        <line num="151" type="stmt" count="0"/>
        <metrics loc="152" ncloc="89" classes="1" methods="5" coveredmethods="1" conditionals="0" coveredconditionals="0" statements="53" coveredstatements="36" elements="58" coveredelements="37"/>
      </file>
      <file name="/Applications/MAMP/htdocs/git/php-vast/src/Sokil/Vast/Ad/Wrapper.php">
        <class name="Wrapper" namespace="Sokil\Vast\Ad">
          <metrics methods="1" coveredmethods="1" conditionals="0" coveredconditionals="0" statements="11" coveredstatements="11" elements="12" coveredelements="12"/>
        </class>
        <line num="14" type="method" name="setVASTAdTagURI" crap="3" count="1"/>
        <line num="16" type="stmt" count="1"/>
        <line num="19" type="stmt" count="1"/>
        <line num="22" type="stmt" count="1"/>
        <line num="23" type="stmt" count="1"/>
        <line num="24" type="stmt" count="1"/>
        <line num="25" type="stmt" count="1"/>
        <line num="28" type="stmt" count="1"/>
        <line num="29" type="stmt" count="1"/>
        <line num="30" type="stmt" count="1"/>
        <line num="31" type="stmt" count="1"/>
        <line num="34" type="stmt" count="1"/>
        <metrics loc="36" ncloc="24" classes="1" methods="1" coveredmethods="1" conditionals="0" coveredconditionals="0" statements="11" coveredstatements="11" elements="12" coveredelements="12"/>
      </file>
    </package>
    <package name="Sokil\Vast\Ad\InLine\Creative">
      <file name="/Applications/MAMP/htdocs/git/php-vast/src/Sokil/Vast/Ad/InLine/Creative/Base.php">
        <class name="Base" namespace="Sokil\Vast\Ad\InLine\Creative">
          <metrics methods="1" coveredmethods="1" conditionals="0" coveredconditionals="0" statements="2" coveredstatements="2" elements="3" coveredelements="3"/>
        </class>
        <line num="13" type="method" name="__construct" crap="1" count="1"/>
        <line num="15" type="stmt" count="1"/>
        <line num="16" type="stmt" count="1"/>
        <metrics loc="16" ncloc="12" classes="1" methods="1" coveredmethods="1" conditionals="0" coveredconditionals="0" statements="2" coveredstatements="2" elements="3" coveredelements="3"/>
      </file>
      <file name="/Applications/MAMP/htdocs/git/php-vast/src/Sokil/Vast/Ad/InLine/Creative/Linear.php">
        <class name="Linear" namespace="Sokil\Vast\Ad\InLine\Creative">
          <metrics methods="11" coveredmethods="6" conditionals="0" coveredconditionals="0" statements="98" coveredstatements="88" elements="109" coveredelements="94"/>
        </class>
        <line num="94" type="method" name="getEventList" crap="1" count="1"/>
        <line num="97" type="stmt" count="1"/>
        <line num="98" type="stmt" count="1"/>
        <line num="99" type="stmt" count="1"/>
        <line num="100" type="stmt" count="1"/>
        <line num="101" type="stmt" count="1"/>
        <line num="102" type="stmt" count="1"/>
        <line num="103" type="stmt" count="1"/>
        <line num="104" type="stmt" count="1"/>
        <line num="105" type="stmt" count="1"/>
        <line num="106" type="stmt" count="1"/>
        <line num="107" type="stmt" count="1"/>
        <line num="108" type="stmt" count="1"/>
        <line num="109" type="stmt" count="1"/>
        <line num="110" type="stmt" count="1"/>
        <line num="111" type="stmt" count="1"/>
        <line num="112" type="stmt" count="1"/>
        <line num="113" type="stmt" count="1"/>
        <line num="114" type="stmt" count="1"/>
        <line num="115" type="stmt" count="1"/>
        <line num="116" type="stmt" count="1"/>
        <line num="119" type="method" name="setDuration" crap="3" count="1"/>
        <line num="122" type="stmt" count="1"/>
        <line num="123" type="stmt" count="1"/>
        <line num="124" type="stmt" count="1"/>
        <line num="125" type="stmt" count="1"/>
        <line num="126" type="stmt" count="1"/>
        <line num="129" type="stmt" count="1"/>
        <line num="131" type="stmt" count="1"/>
        <line num="132" type="stmt" count="1"/>
        <line num="134" type="stmt" count="1"/>
        <line num="136" type="stmt" count="1"/>
        <line num="139" type="method" name="createMediaFile" crap="3" count="1"/>
        <line num="141" type="stmt" count="1"/>
        <line num="142" type="stmt" count="1"/>
        <line num="143" type="stmt" count="1"/>
        <line num="144" type="stmt" count="1"/>
        <line num="145" type="stmt" count="1"/>
        <line num="146" type="stmt" count="1"/>
        <line num="147" type="stmt" count="1"/>
        <line num="150" type="stmt" count="1"/>
        <line num="151" type="stmt" count="1"/>
        <line num="154" type="stmt" count="1"/>
        <line num="157" type="method" name="getVideoClicksDomElement" crap="3.02" count="1"/>
        <line num="160" type="stmt" count="1"/>
        <line num="161" type="stmt" count="1"/>
        <line num="164" type="stmt" count="1"/>
        <line num="165" type="stmt" count="1"/>
        <line num="166" type="stmt" count="0"/>
        <line num="169" type="stmt" count="1"/>
        <line num="170" type="stmt" count="1"/>
        <line num="172" type="stmt" count="1"/>
        <line num="180" type="method" name="setVideoClicksClickThrough" crap="3.05" count="1"/>
        <line num="183" type="stmt" count="1"/>
        <line num="186" type="stmt" count="1"/>
        <line num="187" type="stmt" count="1"/>
        <line num="188" type="stmt" count="1"/>
        <line num="189" type="stmt" count="1"/>
        <line num="190" type="stmt" count="1"/>
        <line num="193" type="stmt" count="1"/>
        <line num="194" type="stmt" count="0"/>
        <line num="195" type="stmt" count="0"/>
        <line num="199" type="stmt" count="1"/>
        <line num="202" type="stmt" count="1"/>
        <line num="210" type="method" name="addVideoClicksClickTracking" crap="1" count="1"/>
        <line num="213" type="stmt" count="1"/>
        <line num="214" type="stmt" count="1"/>
        <line num="217" type="stmt" count="1"/>
        <line num="218" type="stmt" count="1"/>
        <line num="220" type="stmt" count="1"/>
        <line num="228" type="method" name="addVideoClicksCustomClick" crap="1" count="1"/>
        <line num="231" type="stmt" count="1"/>
        <line num="232" type="stmt" count="1"/>
        <line num="235" type="stmt" count="1"/>
        <line num="236" type="stmt" count="1"/>
        <line num="238" type="stmt" count="1"/>
        <line num="241" type="method" name="getTrackingEventsDomElement" crap="3.02" count="1"/>
        <line num="244" type="stmt" count="1"/>
        <line num="245" type="stmt" count="1"/>
        <line num="248" type="stmt" count="1"/>
        <line num="249" type="stmt" count="1"/>
        <line num="250" type="stmt" count="0"/>
        <line num="253" type="stmt" count="1"/>
        <line num="254" type="stmt" count="1"/>
        <line num="256" type="stmt" count="1"/>
        <line num="259" type="method" name="addTrackingEvent" crap="2.01" count="1"/>
        <line num="261" type="stmt" count="1"/>
        <line num="262" type="stmt" count="0"/>
        <line num="266" type="stmt" count="1"/>
        <line num="267" type="stmt" count="1"/>
        <line num="270" type="stmt" count="1"/>
        <line num="273" type="stmt" count="1"/>
        <line num="274" type="stmt" count="1"/>
        <line num="276" type="stmt" count="1"/>
        <line num="280" type="method" name="skipAfter" crap="6" count="0"/>
        <line num="281" type="stmt" count="0"/>
        <line num="282" type="stmt" count="0"/>
        <line num="283" type="stmt" count="0"/>
        <line num="285" type="stmt" count="0"/>
        <line num="287" type="stmt" count="0"/>
        <line num="290" type="method" name="secondsToString" crap="1" count="1"/>
        <line num="292" type="stmt" count="1"/>
        <line num="294" type="stmt" count="1"/>
        <line num="297" type="stmt" count="1"/>
        <line num="298" type="stmt" count="1"/>
        <line num="301" type="stmt" count="1"/>
        <line num="302" type="stmt" count="1"/>
        <line num="305" type="stmt" count="1"/>
        <line num="307" type="stmt" count="1"/>
        <metrics loc="308" ncloc="192" classes="1" methods="11" coveredmethods="6" conditionals="0" coveredconditionals="0" statements="98" coveredstatements="88" elements="109" coveredelements="94"/>
      </file>
    </package>
    <package name="Sokil\Vast\Ad\InLine\Creative\Base">
      <file name="/Applications/MAMP/htdocs/git/php-vast/src/Sokil/Vast/Ad/InLine/Creative/Base/MediaFile.php">
        <class name="MediaFile" namespace="Sokil\Vast\Ad\InLine\Creative\Base">
          <metrics methods="8" coveredmethods="5" conditionals="0" coveredconditionals="0" statements="22" coveredstatements="14" elements="30" coveredelements="19"/>
        </class>
        <line num="12" type="method" name="__construct" crap="1" count="1"/>
        <line num="14" type="stmt" count="1"/>
        <line num="15" type="stmt" count="1"/>
        <line num="17" type="method" name="setProgressiveDelivery" crap="1" count="1"/>
        <line num="19" type="stmt" count="1"/>
        <line num="20" type="stmt" count="1"/>
        <line num="23" type="method" name="setStreamingDelivery" crap="2" count="0"/>
        <line num="25" type="stmt" count="0"/>
        <line num="26" type="stmt" count="0"/>
        <line num="29" type="method" name="setDelivery" crap="6" count="0"/>
        <line num="31" type="stmt" count="0"/>
        <line num="32" type="stmt" count="0"/>
        <line num="35" type="stmt" count="0"/>
        <line num="36" type="stmt" count="0"/>
        <line num="39" type="method" name="setType" crap="1" count="1"/>
        <line num="41" type="stmt" count="1"/>
        <line num="42" type="stmt" count="1"/>
        <line num="45" type="method" name="setWidth" crap="1" count="1"/>
        <line num="47" type="stmt" count="1"/>
        <line num="48" type="stmt" count="1"/>
        <line num="51" type="method" name="setHeight" crap="1" count="1"/>
        <line num="53" type="stmt" count="1"/>
        <line num="54" type="stmt" count="1"/>
        <line num="57" type="method" name="setUrl" crap="2.15" count="1"/>
        <line num="59" type="stmt" count="1"/>
        <line num="62" type="stmt" count="1"/>
        <line num="63" type="stmt" count="0"/>
        <line num="64" type="stmt" count="0"/>
        <line num="68" type="stmt" count="1"/>
        <line num="70" type="stmt" count="1"/>
        <metrics loc="70" ncloc="66" classes="1" methods="8" coveredmethods="5" conditionals="0" coveredconditionals="0" statements="22" coveredstatements="14" elements="30" coveredelements="19"/>
      </file>
    </package>
    <file name="/Applications/MAMP/htdocs/git/php-vast/vendor/symfony/polyfill-mbstring/bootstrap.php">
      <metrics loc="51" ncloc="43" classes="0" methods="0" coveredmethods="0" conditionals="0" coveredconditionals="0" statements="0" coveredstatements="0" elements="0" coveredelements="0"/>
    </file>
    <metrics files="8" loc="843" ncloc="578" classes="7" methods="41" coveredmethods="21" conditionals="0" coveredconditionals="0" statements="247" coveredstatements="181" elements="288" coveredelements="202"/>
  </project>
</coverage>
